<?xml version="1.0" encoding="UTF-8"?>
<!-- Generated by org.testng.reporters.JUnitReportReporter -->
<testsuite hostname="Manul-W" failures="0" tests="3" name="test.test" time="37.521" errors="0" timestamp="2021-05-26T23:23:16 IST" skipped="0">
  <testcase classname="test.test" name="test1" time="10.274"/>
  <system-out/>
  <testcase classname="test.test" name="test1" time="10.096"/>
  <system-out/>
  <testcase classname="test.test" name="test1" time="17.151"/>
  <system-out/>
</testsuite> <!-- test.test -->
